<?xml version="1.0" encoding="UTF-8"?>
<!-- Generated by org.testng.reporters.JUnitXMLReporter -->
<testsuite ignored="0" hostname="LAPTOP-0FD1O0AP" failures="0" tests="4" name="Surefire test" time="0.286" errors="0" timestamp="2023-04-11T23:46:04 IST">
  <testcase classname="com.testvagrant.musicstoreTest.RecentlyPlayedStoreTest" name="testAddPlayedSong" time="0.011"/>
  <testcase classname="com.testvagrant.musicstoreTest.RecentlyPlayedStoreTest" name="testAddPlayedSongS4" time="0.001"/>
  <testcase classname="com.testvagrant.musicstoreTest.RecentlyPlayedStoreTest" name="testAddPlayedSongS2" time="0.001"/>
  <testcase classname="com.testvagrant.musicstoreTest.RecentlyPlayedStoreTest" name="testAddPlayedSongS1" time="0.001"/>
</testsuite> <!-- Surefire test -->
