<?xml version="1.0" encoding="UTF-8"?>
<!-- Generated by org.testng.reporters.JUnitXMLReporter -->
<testsuite ignored="0" hostname="LAPTOP-0FD1O0AP" failures="0" tests="4" name="Default test" time="0.115" errors="0" timestamp="2023-04-11T23:12:57 IST">
  <testcase classname="com.testvagrant.musicstoreTest.RecentlyPlayedStoreTest" name="testAddPlayedSong" time="0.016"/>
  <testcase classname="com.testvagrant.musicstoreTest.RecentlyPlayedStoreTest" name="testAddPlayedSongS4" time="0.002"/>
  <testcase classname="com.testvagrant.musicstoreTest.RecentlyPlayedStoreTest" name="testAddPlayedSongS2" time="0.003"/>
  <testcase classname="com.testvagrant.musicstoreTest.RecentlyPlayedStoreTest" name="testAddPlayedSongS1" time="0.004"/>
</testsuite> <!-- Default test -->
