<?xml version="1.0" encoding="UTF-8"?>
<testng-results ignored="0" total="4" passed="4" failed="0" skipped="0">
  <reporter-output>
  </reporter-output>
  <suite started-at="2023-04-11T23:46:02 IST" name="Surefire suite" finished-at="2023-04-11T23:46:02 IST" duration-ms="286">
    <groups>
    </groups>
    <test started-at="2023-04-11T23:46:02 IST" name="Surefire test" finished-at="2023-04-11T23:46:02 IST" duration-ms="286">
      <class name="com.testvagrant.musicstoreTest.RecentlyPlayedStoreTest">
        <test-method is-config="true" signature="setUp()[pri:0, instance:com.testvagrant.musicstoreTest.RecentlyPlayedStoreTest@5b7a5baa]" started-at="2023-04-11T23:46:02 IST" name="setUp" finished-at="2023-04-11T23:46:02 IST" duration-ms="198" status="PASS">
          <reporter-output>
          </reporter-output>
        </test-method> <!-- setUp -->
        <test-method signature="testAddPlayedSong()[pri:1, instance:com.testvagrant.musicstoreTest.RecentlyPlayedStoreTest@5b7a5baa]" started-at="2023-04-11T23:46:02 IST" name="testAddPlayedSong" finished-at="2023-04-11T23:46:02 IST" duration-ms="11" status="PASS">
          <reporter-output>
          </reporter-output>
        </test-method> <!-- testAddPlayedSong -->
        <test-method signature="testAddPlayedSongS4()[pri:2, instance:com.testvagrant.musicstoreTest.RecentlyPlayedStoreTest@5b7a5baa]" started-at="2023-04-11T23:46:02 IST" name="testAddPlayedSongS4" finished-at="2023-04-11T23:46:02 IST" duration-ms="1" status="PASS">
          <reporter-output>
          </reporter-output>
        </test-method> <!-- testAddPlayedSongS4 -->
        <test-method is-config="true" signature="setUp()[pri:0, instance:com.testvagrant.musicstoreTest.RecentlyPlayedStoreTest@5b7a5baa]" started-at="2023-04-11T23:46:02 IST" name="setUp" finished-at="2023-04-11T23:46:02 IST" duration-ms="0" status="PASS">
          <reporter-output>
          </reporter-output>
        </test-method> <!-- setUp -->
        <test-method is-config="true" signature="setUp()[pri:0, instance:com.testvagrant.musicstoreTest.RecentlyPlayedStoreTest@5b7a5baa]" started-at="2023-04-11T23:46:02 IST" name="setUp" finished-at="2023-04-11T23:46:02 IST" duration-ms="1" status="PASS">
          <reporter-output>
          </reporter-output>
        </test-method> <!-- setUp -->
        <test-method signature="testAddPlayedSongS2()[pri:3, instance:com.testvagrant.musicstoreTest.RecentlyPlayedStoreTest@5b7a5baa]" started-at="2023-04-11T23:46:02 IST" name="testAddPlayedSongS2" finished-at="2023-04-11T23:46:02 IST" duration-ms="1" status="PASS">
          <reporter-output>
          </reporter-output>
        </test-method> <!-- testAddPlayedSongS2 -->
        <test-method is-config="true" signature="setUp()[pri:0, instance:com.testvagrant.musicstoreTest.RecentlyPlayedStoreTest@5b7a5baa]" started-at="2023-04-11T23:46:02 IST" name="setUp" finished-at="2023-04-11T23:46:02 IST" duration-ms="0" status="PASS">
          <reporter-output>
          </reporter-output>
        </test-method> <!-- setUp -->
        <test-method signature="testAddPlayedSongS1()[pri:4, instance:com.testvagrant.musicstoreTest.RecentlyPlayedStoreTest@5b7a5baa]" started-at="2023-04-11T23:46:02 IST" name="testAddPlayedSongS1" finished-at="2023-04-11T23:46:02 IST" duration-ms="1" status="PASS">
          <reporter-output>
          </reporter-output>
        </test-method> <!-- testAddPlayedSongS1 -->
      </class> <!-- com.testvagrant.musicstoreTest.RecentlyPlayedStoreTest -->
    </test> <!-- Surefire test -->
  </suite> <!-- Surefire suite -->
</testng-results>
