<?xml version="1.0" encoding="UTF-8"?>
<testsuite xmlns:xsi="http://www.w3.org/2001/XMLSchema-instance" xsi:noNamespaceSchemaLocation="https://maven.apache.org/surefire/maven-surefire-plugin/xsd/surefire-test-report-3.0.xsd" version="3.0" name="com.testvagrant.musicstoreTest.RecentlyPlayedStoreTest" time="3.562" tests="4" errors="0" skipped="0" failures="0">
  <properties>
[...]
</properties>
  <testcase name="testAddPlayedSong" classname="com.testvagrant.musicstoreTest.RecentlyPlayedStoreTest" time="0.263">
    <system-out><![CDATA[Expected result: [S1, S2, S3]
Actual result: [S1, S2, S3]
]]></system-out>
  </testcase>
  <testcase name="testAddPlayedSongS4" classname="com.testvagrant.musicstoreTest.RecentlyPlayedStoreTest" time="0.038">
    <system-out><![CDATA[Expected result: [S2, S3, S4]
Actual result: [S2, S3, S4]
]]></system-out>
  </testcase>
  <testcase name="testAddPlayedSongS2" classname="com.testvagrant.musicstoreTest.RecentlyPlayedStoreTest" time="0.013">
    <system-out><![CDATA[Expected result: [S3, S4, S2]
Actual result: [S3, S4, S2]
]]></system-out>
  </testcase>
  <testcase name="testAddPlayedSongS1" classname="com.testvagrant.musicstoreTest.RecentlyPlayedStoreTest" time="0.016">
    <system-out><![CDATA[Expected result: [S4, S2, S1]
Actual result: [S4, S2, S1]
]]></system-out>
  </testcase>
</testsuite>